<?xml version="1.0" encoding="UTF-8"?>
<testsuite xmlns:xsi="http://www.w3.org/2001/XMLSchema-instance" xsi:noNamespaceSchemaLocation="https://maven.apache.org/surefire/maven-surefire-plugin/xsd/surefire-test-report-3.0.xsd" version="3.0" name="edu.tcu.cs.monnigmeteoritecatalog.sample.SampleServiceTest" time="1.125" tests="8" errors="0" skipped="0" failures="0">
  <properties>
[...]
</properties>
  <testcase name="testFindByIdSuccess" classname="edu.tcu.cs.monnigmeteoritecatalog.sample.SampleServiceTest" time="1.043">
    <system-err><![CDATA[WARNING: A Java agent has been loaded dynamically (/home/carson/.m2/repository/net/bytebuddy/byte-buddy-agent/1.14.12/byte-buddy-agent-1.14.12.jar)
WARNING: If a serviceability tool is in use, please run with -XX:+EnableDynamicAgentLoading to hide this warning
WARNING: If a serviceability tool is not in use, please run with -Djdk.instrument.traceUsage for more information
WARNING: Dynamic loading of agents will be disallowed by default in a future release
]]></system-err>
  </testcase>
  <testcase name="testSaveSuccess" classname="edu.tcu.cs.monnigmeteoritecatalog.sample.SampleServiceTest" time="0.007"/>
  <testcase name="testDeleteNotFound" classname="edu.tcu.cs.monnigmeteoritecatalog.sample.SampleServiceTest" time="0.012"/>
  <testcase name="testUpdateSuccess" classname="edu.tcu.cs.monnigmeteoritecatalog.sample.SampleServiceTest" time="0.005"/>
  <testcase name="testDeleteSuccess" classname="edu.tcu.cs.monnigmeteoritecatalog.sample.SampleServiceTest" time="0.006"/>
  <testcase name="testFindByIdNotFound" classname="edu.tcu.cs.monnigmeteoritecatalog.sample.SampleServiceTest" time="0.008"/>
  <testcase name="testUpdateNotFound" classname="edu.tcu.cs.monnigmeteoritecatalog.sample.SampleServiceTest" time="0.005"/>
  <testcase name="testFindAllSuccess" classname="edu.tcu.cs.monnigmeteoritecatalog.sample.SampleServiceTest" time="0.005"/>
</testsuite>