<?xml version="1.0" encoding="UTF-8"?>
<testsuite xmlns:xsi="http://www.w3.org/2001/XMLSchema-instance" xsi:noNamespaceSchemaLocation="https://maven.apache.org/surefire/maven-surefire-plugin/xsd/surefire-test-report-3.0.xsd" version="3.0" name="edu.tcu.cs.monnigmeteoritecatalog.sample.SampleControllerTest" time="5.121" tests="8" errors="0" skipped="0" failures="0">
  <properties>
[...]
</properties>
  <testcase name="testAddSampleSuccess" classname="edu.tcu.cs.monnigmeteoritecatalog.sample.SampleControllerTest" time="0.152">
    <system-out><![CDATA[22:07:44.092 [main] INFO org.springframework.test.context.support.AnnotationConfigContextLoaderUtils -- Could not detect default configuration classes for test class [edu.tcu.cs.monnigmeteoritecatalog.sample.SampleControllerTest]: SampleControllerTest does not declare any static, non-private, non-final, nested classes annotated with @Configuration.
22:07:44.202 [main] INFO org.springframework.boot.test.context.SpringBootTestContextBootstrapper -- Found @SpringBootConfiguration edu.tcu.cs.monnigmeteoritecatalog.MonnigMeteoriteCatalogApplication for test class edu.tcu.cs.monnigmeteoritecatalog.sample.SampleControllerTest
22:07:44.304 [main] INFO org.springframework.boot.devtools.restart.RestartApplicationListener -- Restart disabled due to context in which it is running

  .   ____          _            __ _ _
 /\\ / ___'_ __ _ _(_)_ __  __ _ \ \ \ \
( ( )\___ | '_ | '_| | '_ \/ _` | \ \ \ \
 \\/  ___)| |_)| | | | | || (_| |  ) ) ) )
  '  |____| .__|_| |_|_| |_\__, | / / / /
 =========|_|==============|___/=/_/_/_/
 :: Spring Boot ::                (v3.2.4)

2024-05-02T22:07:44.524-05:00  INFO 35207 --- [monnig-meteorite-catalog] [           main] e.t.c.m.sample.SampleControllerTest      : Starting SampleControllerTest using Java 21.0.2 with PID 35207 (started by carson in /home/carson/IdeaProjects/monnig-meteorite-catalog)
2024-05-02T22:07:44.526-05:00  INFO 35207 --- [monnig-meteorite-catalog] [           main] e.t.c.m.sample.SampleControllerTest      : No active profile set, falling back to 1 default profile: "default"
2024-05-02T22:07:45.131-05:00  INFO 35207 --- [monnig-meteorite-catalog] [           main] .s.d.r.c.RepositoryConfigurationDelegate : Bootstrapping Spring Data JPA repositories in DEFAULT mode.
2024-05-02T22:07:45.176-05:00  INFO 35207 --- [monnig-meteorite-catalog] [           main] .s.d.r.c.RepositoryConfigurationDelegate : Finished Spring Data repository scanning in 40 ms. Found 4 JPA repository interfaces.
2024-05-02T22:07:45.579-05:00  INFO 35207 --- [monnig-meteorite-catalog] [           main] com.zaxxer.hikari.HikariDataSource       : HikariPool-1 - Starting...
2024-05-02T22:07:45.727-05:00  INFO 35207 --- [monnig-meteorite-catalog] [           main] com.zaxxer.hikari.pool.HikariPool        : HikariPool-1 - Added connection conn0: url=jdbc:h2:mem:monnig user=SA
2024-05-02T22:07:45.728-05:00  INFO 35207 --- [monnig-meteorite-catalog] [           main] com.zaxxer.hikari.HikariDataSource       : HikariPool-1 - Start completed.
2024-05-02T22:07:45.761-05:00  INFO 35207 --- [monnig-meteorite-catalog] [           main] o.hibernate.jpa.internal.util.LogHelper  : HHH000204: Processing PersistenceUnitInfo [name: default]
2024-05-02T22:07:45.801-05:00  INFO 35207 --- [monnig-meteorite-catalog] [           main] org.hibernate.Version                    : HHH000412: Hibernate ORM core version 6.4.4.Final
2024-05-02T22:07:45.825-05:00  INFO 35207 --- [monnig-meteorite-catalog] [           main] o.h.c.internal.RegionFactoryInitiator    : HHH000026: Second-level cache disabled
2024-05-02T22:07:45.903-05:00  INFO 35207 --- [monnig-meteorite-catalog] [           main] o.s.o.j.p.SpringPersistenceUnitInfo      : No LoadTimeWeaver setup: ignoring JPA class transformer
2024-05-02T22:07:46.620-05:00  INFO 35207 --- [monnig-meteorite-catalog] [           main] o.h.e.t.j.p.i.JtaPlatformInitiator       : HHH000489: No JTA platform available (set 'hibernate.transaction.jta.platform' to enable JTA platform integration)
Hibernate: drop table if exists entry cascade 
Hibernate: drop table if exists loan cascade 
Hibernate: drop table if exists loan_samples_on_loan cascade 
Hibernate: drop table if exists monnig_user cascade 
Hibernate: drop table if exists sample cascade 
Hibernate: drop table if exists sample_images cascade 
Hibernate: drop sequence if exists monnig_user_seq
Hibernate: create sequence monnig_user_seq start with 1 increment by 50
Hibernate: create table entry (category varchar(255), date varchar(255), entry_id varchar(255) not null, notes varchar(255), sample_sample_id varchar(255), primary key (entry_id))
Hibernate: create table loan (is_archived boolean not null, loan_due_date varchar(255), loan_id varchar(255) not null, loan_notes varchar(255), loan_start_date varchar(255), loanee_address varchar(255), loanee_email varchar(255), loanee_institution varchar(255), loanee_name varchar(255), primary key (loan_id))
Hibernate: create table loan_samples_on_loan (loan_loan_id varchar(255) not null, samples_on_loan varchar(255))
Hibernate: create table monnig_user (enabled boolean not null, id integer not null, password varchar(255), roles varchar(255), username varchar(255), primary key (id))
Hibernate: create table sample (is_educational boolean not null, is_repository boolean not null, sample_weight_g float(24) not null, total_known_weight_num float(24) not null, additional_class_info varchar(255), clan varchar(255), country varchar(255), date_found_day varchar(255), date_found_hour varchar(255), date_found_month varchar(255), date_found_year varchar(255), external_resources varchar(255), found_info varchar(255), loan_loan_id varchar(255), location varchar(255), monnig_number varchar(255), name varchar(255), sample_class varchar(255), sample_format varchar(255), sample_group varchar(255), sample_id varchar(255) not null, total_know_weight_units varchar(255), type varchar(255), primary key (sample_id))
Hibernate: create table sample_images (images varbinary(255), sample_sample_id varchar(255) not null)
Hibernate: alter table if exists entry add constraint FKj0q9d044vignts1ke1sjm9hj foreign key (sample_sample_id) references sample
Hibernate: alter table if exists loan_samples_on_loan add constraint FK2xlatk0btwg48qygko0pjn0b5 foreign key (loan_loan_id) references loan
Hibernate: alter table if exists sample add constraint FKl03h0qiv9je1bwaprxngfxuva foreign key (loan_loan_id) references loan
Hibernate: alter table if exists sample_images add constraint FKhe6meyou3mjsukuwn1f7ik13u foreign key (sample_sample_id) references sample
2024-05-02T22:07:46.656-05:00  INFO 35207 --- [monnig-meteorite-catalog] [           main] j.LocalContainerEntityManagerFactoryBean : Initialized JPA EntityManagerFactory for persistence unit 'default'
2024-05-02T22:07:46.937-05:00  INFO 35207 --- [monnig-meteorite-catalog] [           main] o.s.d.j.r.query.QueryEnhancerFactory     : Hibernate is in classpath; If applicable, HQL parser will be used.
2024-05-02T22:07:47.399-05:00  WARN 35207 --- [monnig-meteorite-catalog] [           main] JpaBaseConfiguration$JpaWebConfiguration : spring.jpa.open-in-view is enabled by default. Therefore, database queries may be performed during view rendering. Explicitly configure spring.jpa.open-in-view to disable this warning
2024-05-02T22:07:47.963-05:00  INFO 35207 --- [monnig-meteorite-catalog] [           main] o.s.s.web.DefaultSecurityFilterChain     : Will secure any request with [org.springframework.security.web.session.DisableEncodeUrlFilter@221b4175, org.springframework.security.web.context.request.async.WebAsyncManagerIntegrationFilter@58ae3cb, org.springframework.security.web.context.SecurityContextHolderFilter@42c661d4, org.springframework.web.filter.CorsFilter@42af751f, org.springframework.security.web.authentication.logout.LogoutFilter@302e3484, org.springframework.security.oauth2.server.resource.web.authentication.BearerTokenAuthenticationFilter@5002fc11, org.springframework.security.web.authentication.www.BasicAuthenticationFilter@7b9866c6, org.springframework.security.web.savedrequest.RequestCacheAwareFilter@dffa7ce, org.springframework.security.web.servletapi.SecurityContextHolderAwareRequestFilter@2fcc32ae, org.springframework.security.web.authentication.AnonymousAuthenticationFilter@477b8d7d, org.springframework.security.web.session.SessionManagementFilter@6e530ccc, org.springframework.security.web.access.ExceptionTranslationFilter@6497bc28, org.springframework.security.web.access.intercept.AuthorizationFilter@5408854f]
2024-05-02T22:07:48.189-05:00  INFO 35207 --- [monnig-meteorite-catalog] [           main] o.s.b.t.m.w.SpringBootMockServletContext : Initializing Spring TestDispatcherServlet ''
2024-05-02T22:07:48.189-05:00  INFO 35207 --- [monnig-meteorite-catalog] [           main] o.s.t.web.servlet.TestDispatcherServlet  : Initializing Servlet ''
2024-05-02T22:07:48.191-05:00  INFO 35207 --- [monnig-meteorite-catalog] [           main] o.s.t.web.servlet.TestDispatcherServlet  : Completed initialization in 2 ms
2024-05-02T22:07:48.209-05:00  INFO 35207 --- [monnig-meteorite-catalog] [           main] e.t.c.m.sample.SampleControllerTest      : Started SampleControllerTest in 3.912 seconds (process running for 5.839)
Hibernate: select s1_0.sample_id,s1_0.additional_class_info,s1_0.clan,s1_0.country,s1_0.date_found_day,s1_0.date_found_hour,s1_0.date_found_month,s1_0.date_found_year,s1_0.external_resources,s1_0.found_info,s1_0.is_educational,s1_0.is_repository,l1_0.loan_id,l1_0.is_archived,l1_0.loan_due_date,l1_0.loan_notes,l1_0.loan_start_date,l1_0.loanee_address,l1_0.loanee_email,l1_0.loanee_institution,l1_0.loanee_name,s1_0.location,s1_0.monnig_number,s1_0.name,s1_0.sample_class,s1_0.sample_format,s1_0.sample_group,s1_0.sample_weight_g,s1_0.total_know_weight_units,s1_0.total_known_weight_num,s1_0.type,s2_0.sample_sample_id,s2_0.entry_id,s2_0.category,s2_0.date,s2_0.notes from sample s1_0 left join loan l1_0 on l1_0.loan_id=s1_0.loan_loan_id left join entry s2_0 on s1_0.sample_id=s2_0.sample_sample_id where s1_0.sample_id=?
Hibernate: select e1_0.entry_id,e1_0.category,e1_0.date,e1_0.notes,s1_0.sample_id,s1_0.additional_class_info,s1_0.clan,s1_0.country,s1_0.date_found_day,s1_0.date_found_hour,s1_0.date_found_month,s1_0.date_found_year,s1_0.external_resources,s1_0.found_info,s1_0.is_educational,s1_0.is_repository,l1_0.loan_id,l1_0.is_archived,l1_0.loan_due_date,l1_0.loan_notes,l1_0.loan_start_date,l1_0.loanee_address,l1_0.loanee_email,l1_0.loanee_institution,l1_0.loanee_name,s1_0.location,s1_0.monnig_number,s1_0.name,s1_0.sample_class,s1_0.sample_format,s1_0.sample_group,s1_0.sample_weight_g,s1_0.total_know_weight_units,s1_0.total_known_weight_num,s1_0.type from entry e1_0 left join sample s1_0 on s1_0.sample_id=e1_0.sample_sample_id left join loan l1_0 on l1_0.loan_id=s1_0.loan_loan_id where e1_0.entry_id=?
Hibernate: insert into sample (additional_class_info,clan,country,date_found_day,date_found_hour,date_found_month,date_found_year,external_resources,found_info,is_educational,is_repository,loan_loan_id,location,monnig_number,name,sample_class,sample_format,sample_group,sample_weight_g,total_know_weight_units,total_known_weight_num,type,sample_id) values (?,?,?,?,?,?,?,?,?,?,?,?,?,?,?,?,?,?,?,?,?,?,?)
Hibernate: insert into entry (category,date,notes,sample_sample_id,entry_id) values (?,?,?,?,?)
Hibernate: select s1_0.sample_id,s1_0.additional_class_info,s1_0.clan,s1_0.country,s1_0.date_found_day,s1_0.date_found_hour,s1_0.date_found_month,s1_0.date_found_year,s1_0.external_resources,s1_0.found_info,s1_0.is_educational,s1_0.is_repository,l1_0.loan_id,l1_0.is_archived,l1_0.loan_due_date,l1_0.loan_notes,l1_0.loan_start_date,l1_0.loanee_address,l1_0.loanee_email,l1_0.loanee_institution,l1_0.loanee_name,s1_0.location,s1_0.monnig_number,s1_0.name,s1_0.sample_class,s1_0.sample_format,s1_0.sample_group,s1_0.sample_weight_g,s1_0.total_know_weight_units,s1_0.total_known_weight_num,s1_0.type,s2_0.sample_sample_id,s2_0.entry_id,s2_0.category,s2_0.date,s2_0.notes from sample s1_0 left join loan l1_0 on l1_0.loan_id=s1_0.loan_loan_id left join entry s2_0 on s1_0.sample_id=s2_0.sample_sample_id where s1_0.sample_id=?
Hibernate: select e1_0.entry_id,e1_0.category,e1_0.date,e1_0.notes,s1_0.sample_id,s1_0.additional_class_info,s1_0.clan,s1_0.country,s1_0.date_found_day,s1_0.date_found_hour,s1_0.date_found_month,s1_0.date_found_year,s1_0.external_resources,s1_0.found_info,s1_0.is_educational,s1_0.is_repository,l1_0.loan_id,l1_0.is_archived,l1_0.loan_due_date,l1_0.loan_notes,l1_0.loan_start_date,l1_0.loanee_address,l1_0.loanee_email,l1_0.loanee_institution,l1_0.loanee_name,s1_0.location,s1_0.monnig_number,s1_0.name,s1_0.sample_class,s1_0.sample_format,s1_0.sample_group,s1_0.sample_weight_g,s1_0.total_know_weight_units,s1_0.total_known_weight_num,s1_0.type from entry e1_0 left join sample s1_0 on s1_0.sample_id=e1_0.sample_sample_id left join loan l1_0 on l1_0.loan_id=s1_0.loan_loan_id where e1_0.entry_id=?
Hibernate: insert into sample (additional_class_info,clan,country,date_found_day,date_found_hour,date_found_month,date_found_year,external_resources,found_info,is_educational,is_repository,loan_loan_id,location,monnig_number,name,sample_class,sample_format,sample_group,sample_weight_g,total_know_weight_units,total_known_weight_num,type,sample_id) values (?,?,?,?,?,?,?,?,?,?,?,?,?,?,?,?,?,?,?,?,?,?,?)
Hibernate: insert into entry (category,date,notes,sample_sample_id,entry_id) values (?,?,?,?,?)
Hibernate: select l1_0.loan_id,l1_0.is_archived,l1_0.loan_due_date,l1_0.loan_notes,l1_0.loan_start_date,l1_0.loanee_address,l1_0.loanee_email,l1_0.loanee_institution,l1_0.loanee_name from loan l1_0 where l1_0.loan_id=?
Hibernate: insert into loan (is_archived,loan_due_date,loan_notes,loan_start_date,loanee_address,loanee_email,loanee_institution,loanee_name,loan_id) values (?,?,?,?,?,?,?,?,?)
Hibernate: select l1_0.loan_id,l1_0.is_archived,l1_0.loan_due_date,l1_0.loan_notes,l1_0.loan_start_date,l1_0.loanee_address,l1_0.loanee_email,l1_0.loanee_institution,l1_0.loanee_name from loan l1_0 where l1_0.loan_id=?
Hibernate: insert into loan (is_archived,loan_due_date,loan_notes,loan_start_date,loanee_address,loanee_email,loanee_institution,loanee_name,loan_id) values (?,?,?,?,?,?,?,?,?)
Hibernate: select next value for monnig_user_seq
Hibernate: insert into monnig_user (enabled,password,roles,username,id) values (?,?,?,?,?)
Hibernate: select next value for monnig_user_seq
Hibernate: insert into monnig_user (enabled,password,roles,username,id) values (?,?,?,?,?)
]]></system-out>
  </testcase>
  <testcase name="testSampleFindByIdNotFound" classname="edu.tcu.cs.monnigmeteoritecatalog.sample.SampleControllerTest" time="0.014"/>
  <testcase name="testSampleFindAllSuccess" classname="edu.tcu.cs.monnigmeteoritecatalog.sample.SampleControllerTest" time="0.011"/>
  <testcase name="testDeleteSampleSuccess" classname="edu.tcu.cs.monnigmeteoritecatalog.sample.SampleControllerTest" time="0.005"/>
  <testcase name="testUpdateSampleErrorWithNonExistentId" classname="edu.tcu.cs.monnigmeteoritecatalog.sample.SampleControllerTest" time="0.007"/>
  <testcase name="testUpdateSampleSuccess" classname="edu.tcu.cs.monnigmeteoritecatalog.sample.SampleControllerTest" time="0.006"/>
  <testcase name="testSampleFindByIdSuccess" classname="edu.tcu.cs.monnigmeteoritecatalog.sample.SampleControllerTest" time="0.008"/>
  <testcase name="testDeleteSampleErrorWithNonExistentId" classname="edu.tcu.cs.monnigmeteoritecatalog.sample.SampleControllerTest" time="0.005"/>
</testsuite>